# JRE version: Java(TM) SE Runtime Environment 18.9 (11.0.9+7) (build 11.0.9+7-LTS)
# Java VM: Java HotSpot(TM) 64-Bit Server VM 18.9 (11.0.9+7-LTS, mixed mode, tiered, compressed oops, g1 gc, windows-amd64)
Heap:
 garbage-first heap   total 96256K, used 59768K [0x0000000080e00000, 0x0000000100000000)
  region size 1024K, 27 young (27648K), 6 survivors (6144K)
 Metaspace       used 81527K, capacity 85527K, committed 85800K, reserved 1124352K
  class space    used 10503K, capacity 11865K, committed 11984K, reserved 1048576K
GC Heap History (10 events):
Event: 1004.454 GC heap before
{Heap before GC invocations=103 (full 23):
 garbage-first heap   total 96256K, used 78161K [0x0000000080e00000, 0x0000000100000000)
  region size 1024K, 44 young (45056K), 3 survivors (3072K)
 Metaspace       used 81042K, capacity 85008K, committed 85160K, reserved 1122304K
  class space    used 10452K, capacity 11780K, committed 11856K, reserved 1048576K
}
Event: 1004.460 GC heap after
{Heap after GC invocations=104 (full 23):
 garbage-first heap   total 96256K, used 38941K [0x0000000080e00000, 0x0000000100000000)
  region size 1024K, 6 young (6144K), 6 survivors (6144K)
 Metaspace       used 81042K, capacity 85008K, committed 85160K, reserved 1122304K
  class space    used 10452K, capacity 11780K, committed 11856K, reserved 1048576K
}
Event: 1006.244 GC heap before
{Heap before GC invocations=104 (full 23):
 garbage-first heap   total 96256K, used 51229K [0x0000000080e00000, 0x0000000100000000)
  region size 1024K, 19 young (19456K), 6 survivors (6144K)
 Metaspace       used 81058K, capacity 85014K, committed 85160K, reserved 1122304K
  class space    used 10454K, capacity 11782K, committed 11856K, reserved 1048576K
}
Event: 1006.321 GC heap after
{Heap after GC invocations=105 (full 24):
 garbage-first heap   total 96256K, used 33919K [0x0000000080e00000, 0x0000000100000000)
  region size 1024K, 0 young (0K), 0 survivors (0K)
 Metaspace       used 81052K, capacity 85002K, committed 85160K, reserved 1122304K
  class space    used 10452K, capacity 11779K, committed 11856K, reserved 1048576K
}
Event: 1006.726 GC heap before
{Heap before GC invocations=105 (full 24):
 garbage-first heap   total 96256K, used 76927K [0x0000000080e00000, 0x0000000100000000)
  region size 1024K, 42 young (43008K), 0 survivors (0K)
 Metaspace       used 81112K, capacity 85122K, committed 85160K, reserved 1122304K
  class space    used 10462K, capacity 11819K, committed 11856K, reserved 1048576K
}
Event: 1006.731 GC heap after
{Heap after GC invocations=106 (full 24):
 garbage-first heap   total 96256K, used 36849K [0x0000000080e00000, 0x0000000100000000)
  region size 1024K, 3 young (3072K), 3 survivors (3072K)
 Metaspace       used 81112K, capacity 85122K, committed 85160K, reserved 1122304K
  class space    used 10462K, capacity 11819K, committed 11856K, reserved 1048576K
}
Event: 1006.752 GC heap before
{Heap before GC invocations=106 (full 24):
 garbage-first heap   total 96256K, used 76785K [0x0000000080e00000, 0x0000000100000000)
  region size 1024K, 43 young (44032K), 3 survivors (3072K)
 Metaspace       used 81112K, capacity 85122K, committed 85160K, reserved 1122304K
  class space    used 10462K, capacity 11819K, committed 11856K, reserved 1048576K
}
Event: 1006.757 GC heap after
{Heap after GC invocations=107 (full 24):
 garbage-first heap   total 96256K, used 36394K [0x0000000080e00000, 0x0000000100000000)
  region size 1024K, 3 young (3072K), 3 survivors (3072K)
 Metaspace       used 81112K, capacity 85122K, committed 85160K, reserved 1122304K
  class space    used 10462K, capacity 11819K, committed 11856K, reserved 1048576K
}
Event: 1008.187 GC heap before
{Heap before GC invocations=107 (full 24):
 garbage-first heap   total 96256K, used 78378K [0x0000000080e00000, 0x0000000100000000)
  region size 1024K, 44 young (45056K), 3 survivors (3072K)
 Metaspace       used 81336K, capacity 85326K, committed 85416K, reserved 1122304K
  class space    used 10476K, capacity 11821K, committed 11856K, reserved 1048576K
}
Event: 1008.192 GC heap after
{Heap after GC invocations=108 (full 24):
 garbage-first heap   total 96256K, used 39288K [0x0000000080e00000, 0x0000000100000000)
  region size 1024K, 6 young (6144K), 6 survivors (6144K)
 Metaspace       used 81336K, capacity 85326K, committed 85416K, reserved 1122304K
  class space    used 10476K, capacity 11821K, committed 11856K, reserved 1048576K
}

